<?xml version="1.0" encoding="UTF-8"?>
<!-- Generated by org.testng.reporters.JUnitReportReporter -->
<testsuite hostname="LAPTOP-9NE0LV8V" failures="0" tests="4" name="com.tutninja.qa.testcases.Register" time="289.630" errors="0" timestamp="2024-01-08T00:27:06 IST" skipped="0">
  <testcase classname="com.tutninja.qa.testcases.Register" name="verifyregisterusingaccountwithmandatoryfields" time="24.182"/>
  <system-out/>
  <testcase classname="com.tutninja.qa.testcases.Register" name="verifyaccountwithallfields" time="119.296"/>
  <system-out/>
  <testcase classname="com.tutninja.qa.testcases.Register" name="verifyregisteringaccountwithexistingemailaddress" time="67.435"/>
  <system-out/>
  <testcase classname="com.tutninja.qa.testcases.Register" name="verifyregisteringaccountwithoutprovidinganydetails" time="78.717"/>
  <system-out/>
</testsuite> <!-- com.tutninja.qa.testcases.Register -->
