<?xml version="1.0" encoding="UTF-8"?>
<!-- Generated by org.testng.reporters.JUnitReportReporter -->
<testsuite hostname="LAPTOP-9NE0LV8V" failures="0" tests="5" name="com.tutninja.qa.testcases.Login" time="100.554" errors="0" timestamp="2024-01-08T00:07:35 IST" skipped="0">
  <testcase classname="com.tutninja.qa.testcases.Login" name="verifyloginwithvalidcredentials" time="15.419"/>
  <system-out/>
  <testcase classname="com.tutninja.qa.testcases.Login" name="verifyloginwithInvalidcredentials" time="39.179"/>
  <system-out/>
  <testcase classname="com.tutninja.qa.testcases.Login" name="verifyloginwithInvalidusernamevalidpassword" time="13.140"/>
  <system-out/>
  <testcase classname="com.tutninja.qa.testcases.Login" name="verifyloginwithvalidusernameInvalidpassword" time="23.863"/>
  <system-out/>
  <testcase classname="com.tutninja.qa.testcases.Login" name="verifyloginwithoutcredentials" time="8.953"/>
  <system-out/>
</testsuite> <!-- com.tutninja.qa.testcases.Login -->
