<?xml version="1.0" encoding="UTF-8"?>
<!-- Generated by org.testng.reporters.JUnitReportReporter -->
<testsuite hostname="LAPTOP-9NE0LV8V" failures="0" tests="1" name="com.tutninja.qa.testcases.Search" time="33.294" errors="0" timestamp="2024-01-08T11:06:30 IST" skipped="0">
  <testcase classname="com.tutninja.qa.testcases.Search" name="verifysearchwithvalidproduct" time="33.294"/>
  <system-out/>
</testsuite> <!-- com.tutninja.qa.testcases.Search -->
